commit aec18b85c777f5e3fd6f70baa8dd2ba153f72bff
Author: Simon B <simon.bohlin@gmail.com>
Date:   Tue Oct 24 13:37:47 2017 +0200

    add api /spots/nearest.json?c=14&lat=46.0785&lng=14.5123  optionally add &test=1
--
commit 596b7fa88a850eca3f3cd25398af22adfb99b05b
Author: Simon B <simon.bohlin@gmail.com>
Date:   Mon Oct 17 13:37:13 2016 +0200

    SpotCorrection bugfix more
--
commit 951ef892ffa33407ea48d3a819ddd1c75d9dca63
Author: Simon B <simon.bohlin@gmail.com>
Date:   Thu Sep 15 13:37:25 2016 +0200

    fix alicon:users more
--
commit cebb93b8b7b94fbede8b30526b4bb25b219278e1
Author: Simon B <simon.bohlin@gmail.com>
Date:   Tue Aug 23 13:37:57 2016 +0200

    fix table headers switchup
--
commit aeb33cfe68b37cff00d075cea57b15a9d3069044
Author: Simon B <simon.bohlin@gmail.com>
Date:   Mon May 16 13:37:39 2016 +0200

    add translations for bs sr iphone 4
--
commit eef44bd1cd114c049726b715f647cd79a7767a8b
Author: D <D>
Date:   Mon Feb 22 13:37:35 2016 +0100

    add some comments to device location
--
commit da71d34a5d82ca394ddb89b6c44396592ed8dd19
Author: D <D>
Date:   Fri Feb 12 13:37:14 2016 +0100

    update roles view to current theme
--
commit 0a7f83332e20e57e7a9cd8fdbf9c9cd007f49d42
Author: D <D>
Date:   Fri Feb 5 13:37:54 2016 +0100

    move thinking sphinx hack to initializers
--
commit d101534552e6a617e1d055ab7dfffd0db34db4f6
Author: D <D>
Date:   Wed Oct 7 13:37:40 2015 +0200

    add space to onenight regex replacement method
--
commit 4ece75c6fe03e27c015357cc2d5afade977f89d3
Author: D <D>
Date:   Tue Oct 6 13:37:52 2015 +0200

    fix nesting in spot_info partial
--
commit 8989dbe4596358ada41ea7fbac5f9ea01e0ca3b0
Author: Simon B <simon.bohlin@gmail.com>
Date:   Thu Sep 17 13:37:42 2015 +0200

    add onenight.co in :test to prepare for tests agains that domain
--
commit 6063e922e5a2882f9d91c3e2c344ac4e4226881b
Author: D <D>
Date:   Wed Jan 21 13:37:27 2015 +0100

    fix company_form.js
--
commit e5130fc4447a9108e4d4821eb2462351c3aba650
Author: D <D>
Date:   Thu Jan 8 13:37:14 2015 +0100

    cnange copritht year
--
commit 579dff3ed28a7279d1df9836e477582ae7b693ca
Author: Jan Mohorič <lojsk@hotmail.com>
Date:   Tue Nov 11 13:37:42 2014 +0100

    new translation: iphone - en, es, hr, sl
--
commit 2c28e388b5f330b1b7b8f90d52e4f46059b05beb
Author: D <D>
Date:   Wed Jul 23 13:37:33 2014 +0200

    remove unwanted #
--
commit d27eb83054c0b5e6fcd2c2b455018667e68add79
Author: D <D>
Date:   Mon Jul 15 13:37:25 2013 +0200

    strelovod > odpiralni casi d.o.o.
--
Merge: 3c7cd94ac abb99e0d8
Author: V <V>
Date:   Sun Nov 25 13:37:03 2012 +0400

    Merge branch 'russian' of github.com:davidhq/oh into russian
--
commit b9d7ec08f1336705a3e503837de3aa42a42836f8
Author: L <L>
Date:   Fri Feb 25 13:37:18 2011 +0100

    send email when a user visits upgrade request page
--
commit a774002c43a360ac103aa12c03a31dbfb02e1d9c
Author: L <L>
Date:   Wed Oct 27 13:37:54 2010 +0200

    Added translations for only-open searching
